# JRE version: Java(TM) SE Runtime Environment (17.0.8+9) (build 17.0.8+9-LTS-211)
# Java VM: Java HotSpot(TM) 64-Bit Server VM (17.0.8+9-LTS-211, mixed mode, sharing, tiered, compressed oops, compressed class ptrs, g1 gc, windows-amd64)
GC Precious Log:
 CPUs: 12 total, 12 available
 Memory: 16318M
 Large Page Support: Disabled
 NUMA Support: Disabled
 Compressed Oops: Enabled (Zero based)
 Heap Region Size: 2M
 Heap Min Capacity: 8M
 Heap Initial Capacity: 256M
 Heap Max Capacity: 4080M
 Pre-touch: Disabled
 Parallel Workers: 10
 Concurrent Workers: 3
 Concurrent Refinement Workers: 10
 Periodic GC: Disabled
Heap:
 garbage-first heap   total 98304K, used 41174K [0x0000000701000000, 0x0000000800000000)
  region size 2048K, 8 young (16384K), 2 survivors (4096K)
 Metaspace       used 28846K, committed 29312K, reserved 1114112K
  class space    used 3372K, committed 3584K, reserved 1048576K
GC Heap History (20 events):
Event: 34.592 GC heap before
{Heap before GC invocations=36 (full 2):
 garbage-first heap   total 81920K, used 37050K [0x0000000701000000, 0x0000000800000000)
  region size 2048K, 5 young (10240K), 1 survivors (2048K)
 Metaspace       used 27089K, committed 27520K, reserved 1114112K
  class space    used 3243K, committed 3456K, reserved 1048576K
}
Event: 34.593 GC heap after
{Heap after GC invocations=37 (full 2):
 garbage-first heap   total 81920K, used 30711K [0x0000000701000000, 0x0000000800000000)
  region size 2048K, 1 young (2048K), 1 survivors (2048K)
 Metaspace       used 27089K, committed 27520K, reserved 1114112K
  class space    used 3243K, committed 3456K, reserved 1048576K
}
Event: 34.873 GC heap before
{Heap before GC invocations=37 (full 2):
 garbage-first heap   total 81920K, used 38903K [0x0000000701000000, 0x0000000800000000)
  region size 2048K, 4 young (8192K), 1 survivors (2048K)
 Metaspace       used 28253K, committed 28608K, reserved 1114112K
  class space    used 3356K, committed 3520K, reserved 1048576K
}
Event: 34.874 GC heap after
{Heap after GC invocations=38 (full 2):
 garbage-first heap   total 81920K, used 31793K [0x0000000701000000, 0x0000000800000000)
  region size 2048K, 2 young (4096K), 2 survivors (4096K)
 Metaspace       used 28253K, committed 28608K, reserved 1114112K
  class space    used 3356K, committed 3520K, reserved 1048576K
}
Event: 34.901 GC heap before
{Heap before GC invocations=38 (full 2):
 garbage-first heap   total 81920K, used 35889K [0x0000000701000000, 0x0000000800000000)
  region size 2048K, 4 young (8192K), 2 survivors (4096K)
 Metaspace       used 28254K, committed 28608K, reserved 1114112K
  class space    used 3356K, committed 3520K, reserved 1048576K
}
Event: 34.902 GC heap after
{Heap after GC invocations=39 (full 2):
 garbage-first heap   total 81920K, used 28140K [0x0000000701000000, 0x0000000800000000)
  region size 2048K, 1 young (2048K), 1 survivors (2048K)
 Metaspace       used 28254K, committed 28608K, reserved 1114112K
  class space    used 3356K, committed 3520K, reserved 1048576K
}
Event: 34.917 GC heap before
{Heap before GC invocations=39 (full 2):
 garbage-first heap   total 81920K, used 34284K [0x0000000701000000, 0x0000000800000000)
  region size 2048K, 2 young (4096K), 1 survivors (2048K)
 Metaspace       used 28255K, committed 28608K, reserved 1114112K
  class space    used 3356K, committed 3520K, reserved 1048576K
}
Event: 34.918 GC heap after
{Heap after GC invocations=40 (full 2):
 garbage-first heap   total 81920K, used 30150K [0x0000000701000000, 0x0000000800000000)
  region size 2048K, 1 young (2048K), 1 survivors (2048K)
 Metaspace       used 28255K, committed 28608K, reserved 1114112K
  class space    used 3356K, committed 3520K, reserved 1048576K
}
Event: 34.927 GC heap before
{Heap before GC invocations=40 (full 2):
 garbage-first heap   total 81920K, used 34246K [0x0000000701000000, 0x0000000800000000)
  region size 2048K, 2 young (4096K), 1 survivors (2048K)
 Metaspace       used 28258K, committed 28608K, reserved 1114112K
  class space    used 3356K, committed 3520K, reserved 1048576K
}
Event: 34.928 GC heap after
{Heap after GC invocations=41 (full 2):
 garbage-first heap   total 81920K, used 32197K [0x0000000701000000, 0x0000000800000000)
  region size 2048K, 1 young (2048K), 1 survivors (2048K)
 Metaspace       used 28258K, committed 28608K, reserved 1114112K
  class space    used 3356K, committed 3520K, reserved 1048576K
}
Event: 34.947 GC heap before
{Heap before GC invocations=41 (full 2):
 garbage-first heap   total 81920K, used 36293K [0x0000000701000000, 0x0000000800000000)
  region size 2048K, 4 young (8192K), 1 survivors (2048K)
 Metaspace       used 28262K, committed 28608K, reserved 1114112K
  class space    used 3356K, committed 3520K, reserved 1048576K
}
Event: 34.948 GC heap after
{Heap after GC invocations=42 (full 2):
 garbage-first heap   total 98304K, used 36540K [0x0000000701000000, 0x0000000800000000)
  region size 2048K, 2 young (4096K), 2 survivors (4096K)
 Metaspace       used 28262K, committed 28608K, reserved 1114112K
  class space    used 3356K, committed 3520K, reserved 1048576K
}
Event: 35.242 GC heap before
{Heap before GC invocations=42 (full 2):
 garbage-first heap   total 98304K, used 48828K [0x0000000701000000, 0x0000000800000000)
  region size 2048K, 7 young (14336K), 2 survivors (4096K)
 Metaspace       used 28286K, committed 28672K, reserved 1114112K
  class space    used 3356K, committed 3520K, reserved 1048576K
}
Event: 35.244 GC heap after
{Heap after GC invocations=43 (full 2):
 garbage-first heap   total 98304K, used 41469K [0x0000000701000000, 0x0000000800000000)
  region size 2048K, 3 young (6144K), 3 survivors (6144K)
 Metaspace       used 28286K, committed 28672K, reserved 1114112K
  class space    used 3356K, committed 3520K, reserved 1048576K
}
Event: 35.254 GC heap before
{Heap before GC invocations=43 (full 2):
 garbage-first heap   total 98304K, used 45565K [0x0000000701000000, 0x0000000800000000)
  region size 2048K, 4 young (8192K), 3 survivors (6144K)
 Metaspace       used 28286K, committed 28672K, reserved 1114112K
  class space    used 3356K, committed 3520K, reserved 1048576K
}
Event: 35.255 GC heap after
{Heap after GC invocations=44 (full 2):
 garbage-first heap   total 98304K, used 37458K [0x0000000701000000, 0x0000000800000000)
  region size 2048K, 2 young (4096K), 2 survivors (4096K)
 Metaspace       used 28286K, committed 28672K, reserved 1114112K
  class space    used 3356K, committed 3520K, reserved 1048576K
}
Event: 37.166 GC heap before
{Heap before GC invocations=44 (full 2):
 garbage-first heap   total 98304K, used 72274K [0x0000000701000000, 0x0000000800000000)
  region size 2048K, 18 young (36864K), 2 survivors (4096K)
 Metaspace       used 28483K, committed 28864K, reserved 1114112K
  class space    used 3364K, committed 3520K, reserved 1048576K
}
Event: 37.167 GC heap after
{Heap after GC invocations=45 (full 2):
 garbage-first heap   total 98304K, used 32817K [0x0000000701000000, 0x0000000800000000)
  region size 2048K, 2 young (4096K), 2 survivors (4096K)
 Metaspace       used 28483K, committed 28864K, reserved 1114112K
  class space    used 3364K, committed 3520K, reserved 1048576K
}
Event: 44.641 GC heap before
{Heap before GC invocations=45 (full 2):
 garbage-first heap   total 98304K, used 67633K [0x0000000701000000, 0x0000000800000000)
  region size 2048K, 20 young (40960K), 2 survivors (4096K)
 Metaspace       used 28794K, committed 29184K, reserved 1114112K
  class space    used 3370K, committed 3584K, reserved 1048576K
}
Event: 44.642 GC heap after
{Heap after GC invocations=46 (full 2):
 garbage-first heap   total 98304K, used 32982K [0x0000000701000000, 0x0000000800000000)
  region size 2048K, 2 young (4096K), 2 survivors (4096K)
 Metaspace       used 28794K, committed 29184K, reserved 1114112K
  class space    used 3370K, committed 3584K, reserved 1048576K
}

