# JRE version: Java(TM) SE Runtime Environment (17.0.8+9) (build 17.0.8+9-LTS-211)
# Java VM: Java HotSpot(TM) 64-Bit Server VM (17.0.8+9-LTS-211, mixed mode, sharing, tiered, compressed oops, compressed class ptrs, g1 gc, windows-amd64)
GC Precious Log:
 CPUs: 12 total, 12 available
 Memory: 16318M
 Large Page Support: Disabled
 NUMA Support: Disabled
 Compressed Oops: Enabled (Zero based)
 Heap Region Size: 2M
 Heap Min Capacity: 8M
 Heap Initial Capacity: 256M
 Heap Max Capacity: 4080M
 Pre-touch: Disabled
 Parallel Workers: 10
 Concurrent Workers: 3
 Concurrent Refinement Workers: 10
 Periodic GC: Disabled
Heap:
 garbage-first heap   total 159744K, used 84283K [0x0000000701000000, 0x0000000800000000)
  region size 2048K, 10 young (20480K), 1 survivors (2048K)
 Metaspace       used 27502K, committed 27968K, reserved 1114112K
  class space    used 3464K, committed 3712K, reserved 1048576K
GC Heap History (20 events):
Event: 2.146 GC heap before
{Heap before GC invocations=5 (full 0):
 garbage-first heap   total 55296K, used 14925K [0x0000000701000000, 0x0000000800000000)
  region size 2048K, 3 young (6144K), 2 survivors (4096K)
 Metaspace       used 24209K, committed 24640K, reserved 1114112K
  class space    used 3277K, committed 3456K, reserved 1048576K
}
Event: 2.148 GC heap after
{Heap after GC invocations=6 (full 0):
 garbage-first heap   total 55296K, used 15678K [0x0000000701000000, 0x0000000800000000)
  region size 2048K, 1 young (2048K), 1 survivors (2048K)
 Metaspace       used 24209K, committed 24640K, reserved 1114112K
  class space    used 3277K, committed 3456K, reserved 1048576K
}
Event: 2.588 GC heap before
{Heap before GC invocations=6 (full 0):
 garbage-first heap   total 55296K, used 44350K [0x0000000701000000, 0x0000000800000000)
  region size 2048K, 12 young (24576K), 1 survivors (2048K)
 Metaspace       used 25067K, committed 25408K, reserved 1114112K
  class space    used 3329K, committed 3520K, reserved 1048576K
}
Event: 2.589 GC heap after
{Heap after GC invocations=7 (full 0):
 garbage-first heap   total 55296K, used 20799K [0x0000000701000000, 0x0000000800000000)
  region size 2048K, 2 young (4096K), 2 survivors (4096K)
 Metaspace       used 25067K, committed 25408K, reserved 1114112K
  class space    used 3329K, committed 3520K, reserved 1048576K
}
Event: 3.321 GC heap before
{Heap before GC invocations=7 (full 0):
 garbage-first heap   total 55296K, used 41279K [0x0000000701000000, 0x0000000800000000)
  region size 2048K, 11 young (22528K), 2 survivors (4096K)
 Metaspace       used 25677K, committed 25984K, reserved 1114112K
  class space    used 3350K, committed 3520K, reserved 1048576K
}
Event: 3.322 GC heap after
{Heap after GC invocations=8 (full 0):
 garbage-first heap   total 55296K, used 24759K [0x0000000701000000, 0x0000000800000000)
  region size 2048K, 1 young (2048K), 1 survivors (2048K)
 Metaspace       used 25677K, committed 25984K, reserved 1114112K
  class space    used 3350K, committed 3520K, reserved 1048576K
}
Event: 3.949 GC heap before
{Heap before GC invocations=8 (full 0):
 garbage-first heap   total 55296K, used 39095K [0x0000000701000000, 0x0000000800000000)
  region size 2048K, 9 young (18432K), 1 survivors (2048K)
 Metaspace       used 26561K, committed 27008K, reserved 1114112K
  class space    used 3438K, committed 3648K, reserved 1048576K
}
Event: 3.950 GC heap after
{Heap after GC invocations=9 (full 0):
 garbage-first heap   total 55296K, used 25733K [0x0000000701000000, 0x0000000800000000)
  region size 2048K, 1 young (2048K), 1 survivors (2048K)
 Metaspace       used 26561K, committed 27008K, reserved 1114112K
  class space    used 3438K, committed 3648K, reserved 1048576K
}
Event: 5.061 GC heap before
{Heap before GC invocations=9 (full 0):
 garbage-first heap   total 55296K, used 33925K [0x0000000701000000, 0x0000000800000000)
  region size 2048K, 6 young (12288K), 1 survivors (2048K)
 Metaspace       used 27098K, committed 27584K, reserved 1114112K
  class space    used 3454K, committed 3712K, reserved 1048576K
}
Event: 5.063 GC heap after
{Heap after GC invocations=10 (full 0):
 garbage-first heap   total 55296K, used 27638K [0x0000000701000000, 0x0000000800000000)
  region size 2048K, 2 young (4096K), 2 survivors (4096K)
 Metaspace       used 27098K, committed 27584K, reserved 1114112K
  class space    used 3454K, committed 3712K, reserved 1048576K
}
Event: 9.403 GC heap before
{Heap before GC invocations=10 (full 0):
 garbage-first heap   total 55296K, used 35830K [0x0000000701000000, 0x0000000800000000)
  region size 2048K, 7 young (14336K), 2 survivors (4096K)
 Metaspace       used 27418K, committed 27840K, reserved 1114112K
  class space    used 3463K, committed 3712K, reserved 1048576K
}
Event: 9.405 GC heap after
{Heap after GC invocations=11 (full 0):
 garbage-first heap   total 55296K, used 29133K [0x0000000701000000, 0x0000000800000000)
  region size 2048K, 1 young (2048K), 1 survivors (2048K)
 Metaspace       used 27418K, committed 27840K, reserved 1114112K
  class space    used 3463K, committed 3712K, reserved 1048576K
}
Event: 9.431 GC heap before
{Heap before GC invocations=12 (full 0):
 garbage-first heap   total 55296K, used 29133K [0x0000000701000000, 0x0000000800000000)
  region size 2048K, 2 young (4096K), 1 survivors (2048K)
 Metaspace       used 27422K, committed 27840K, reserved 1114112K
  class space    used 3463K, committed 3712K, reserved 1048576K
}
Event: 9.432 GC heap after
{Heap after GC invocations=13 (full 0):
 garbage-first heap   total 55296K, used 26946K [0x0000000701000000, 0x0000000800000000)
  region size 2048K, 1 young (2048K), 1 survivors (2048K)
 Metaspace       used 27422K, committed 27840K, reserved 1114112K
  class space    used 3463K, committed 3712K, reserved 1048576K
}
Event: 9.452 GC heap before
{Heap before GC invocations=14 (full 0):
 garbage-first heap   total 55296K, used 28994K [0x0000000701000000, 0x0000000800000000)
  region size 2048K, 2 young (4096K), 1 survivors (2048K)
 Metaspace       used 27425K, committed 27904K, reserved 1114112K
  class space    used 3463K, committed 3712K, reserved 1048576K
}
Event: 9.452 GC heap after
{Heap after GC invocations=15 (full 0):
 garbage-first heap   total 55296K, used 26965K [0x0000000701000000, 0x0000000800000000)
  region size 2048K, 1 young (2048K), 1 survivors (2048K)
 Metaspace       used 27425K, committed 27904K, reserved 1114112K
  class space    used 3463K, committed 3712K, reserved 1048576K
}
Event: 9.473 GC heap before
{Heap before GC invocations=16 (full 0):
 garbage-first heap   total 55296K, used 29013K [0x0000000701000000, 0x0000000800000000)
  region size 2048K, 2 young (4096K), 1 survivors (2048K)
 Metaspace       used 27425K, committed 27904K, reserved 1114112K
  class space    used 3463K, committed 3712K, reserved 1048576K
}
Event: 9.473 GC heap after
{Heap after GC invocations=17 (full 0):
 garbage-first heap   total 55296K, used 26959K [0x0000000701000000, 0x0000000800000000)
  region size 2048K, 1 young (2048K), 1 survivors (2048K)
 Metaspace       used 27425K, committed 27904K, reserved 1114112K
  class space    used 3463K, committed 3712K, reserved 1048576K
}
Event: 9.497 GC heap before
{Heap before GC invocations=18 (full 0):
 garbage-first heap   total 55296K, used 29007K [0x0000000701000000, 0x0000000800000000)
  region size 2048K, 2 young (4096K), 1 survivors (2048K)
 Metaspace       used 27427K, committed 27904K, reserved 1114112K
  class space    used 3463K, committed 3712K, reserved 1048576K
}
Event: 9.497 GC heap after
{Heap after GC invocations=19 (full 0):
 garbage-first heap   total 159744K, used 26939K [0x0000000701000000, 0x0000000800000000)
  region size 2048K, 1 young (2048K), 1 survivors (2048K)
 Metaspace       used 27427K, committed 27904K, reserved 1114112K
  class space    used 3463K, committed 3712K, reserved 1048576K
}

