# JRE version: Java(TM) SE Runtime Environment (17.0.8+9) (build 17.0.8+9-LTS-211)
# Java VM: Java HotSpot(TM) 64-Bit Server VM (17.0.8+9-LTS-211, mixed mode, sharing, tiered, compressed oops, compressed class ptrs, g1 gc, windows-amd64)
GC Precious Log:
 CPUs: 12 total, 12 available
 Memory: 16318M
 Large Page Support: Disabled
 NUMA Support: Disabled
 Compressed Oops: Enabled (Zero based)
 Heap Region Size: 2M
 Heap Min Capacity: 8M
 Heap Initial Capacity: 256M
 Heap Max Capacity: 4080M
 Pre-touch: Disabled
 Parallel Workers: 10
 Concurrent Workers: 3
 Concurrent Refinement Workers: 10
 Periodic GC: Disabled
Heap:
 garbage-first heap   total 161792K, used 60852K [0x0000000701000000, 0x0000000800000000)
  region size 2048K, 12 young (24576K), 1 survivors (2048K)
 Metaspace       used 26546K, committed 27008K, reserved 1114112K
  class space    used 3224K, committed 3456K, reserved 1048576K
GC Heap History (20 events):
Event: 1.741 GC heap before
{Heap before GC invocations=2 (full 0):
 garbage-first heap   total 262144K, used 27571K [0x0000000701000000, 0x0000000800000000)
  region size 2048K, 12 young (24576K), 3 survivors (6144K)
 Metaspace       used 21218K, committed 21504K, reserved 1114112K
  class space    used 2838K, committed 3008K, reserved 1048576K
}
Event: 1.744 GC heap after
{Heap after GC invocations=3 (full 0):
 garbage-first heap   total 262144K, used 12455K [0x0000000701000000, 0x0000000800000000)
  region size 2048K, 4 young (8192K), 4 survivors (8192K)
 Metaspace       used 21218K, committed 21504K, reserved 1114112K
  class space    used 2838K, committed 3008K, reserved 1048576K
}
Event: 2.091 GC heap before
{Heap before GC invocations=4 (full 0):
 garbage-first heap   total 61440K, used 41127K [0x0000000701000000, 0x0000000800000000)
  region size 2048K, 20 young (40960K), 4 survivors (8192K)
 Metaspace       used 23287K, committed 23744K, reserved 1114112K
  class space    used 3072K, committed 3328K, reserved 1048576K
}
Event: 2.095 GC heap after
{Heap after GC invocations=5 (full 0):
 garbage-first heap   total 61440K, used 17019K [0x0000000701000000, 0x0000000800000000)
  region size 2048K, 6 young (12288K), 6 survivors (12288K)
 Metaspace       used 23287K, committed 23744K, reserved 1114112K
  class space    used 3072K, committed 3328K, reserved 1048576K
}
Event: 2.102 GC heap before
{Heap before GC invocations=5 (full 0):
 garbage-first heap   total 61440K, used 17019K [0x0000000701000000, 0x0000000800000000)
  region size 2048K, 7 young (14336K), 6 survivors (12288K)
 Metaspace       used 23304K, committed 23744K, reserved 1114112K
  class space    used 3072K, committed 3328K, reserved 1048576K
}
Event: 2.107 GC heap after
{Heap after GC invocations=6 (full 0):
 garbage-first heap   total 61440K, used 18282K [0x0000000701000000, 0x0000000800000000)
  region size 2048K, 1 young (2048K), 1 survivors (2048K)
 Metaspace       used 23304K, committed 23744K, reserved 1114112K
  class space    used 3072K, committed 3328K, reserved 1048576K
}
Event: 2.936 GC heap before
{Heap before GC invocations=6 (full 0):
 garbage-first heap   total 61440K, used 40810K [0x0000000701000000, 0x0000000800000000)
  region size 2048K, 13 young (26624K), 1 survivors (2048K)
 Metaspace       used 24255K, committed 24640K, reserved 1114112K
  class space    used 3103K, committed 3328K, reserved 1048576K
}
Event: 2.937 GC heap after
{Heap after GC invocations=7 (full 0):
 garbage-first heap   total 61440K, used 17781K [0x0000000701000000, 0x0000000800000000)
  region size 2048K, 1 young (2048K), 1 survivors (2048K)
 Metaspace       used 24255K, committed 24640K, reserved 1114112K
  class space    used 3103K, committed 3328K, reserved 1048576K
}
Event: 4.078 GC heap before
{Heap before GC invocations=7 (full 0):
 garbage-first heap   total 61440K, used 44405K [0x0000000701000000, 0x0000000800000000)
  region size 2048K, 13 young (26624K), 1 survivors (2048K)
 Metaspace       used 25190K, committed 25600K, reserved 1114112K
  class space    used 3164K, committed 3392K, reserved 1048576K
}
Event: 4.080 GC heap after
{Heap after GC invocations=8 (full 0):
 garbage-first heap   total 61440K, used 23067K [0x0000000701000000, 0x0000000800000000)
  region size 2048K, 2 young (4096K), 2 survivors (4096K)
 Metaspace       used 25190K, committed 25600K, reserved 1114112K
  class space    used 3164K, committed 3392K, reserved 1048576K
}
Event: 9.410 GC heap before
{Heap before GC invocations=8 (full 0):
 garbage-first heap   total 61440K, used 45595K [0x0000000701000000, 0x0000000800000000)
  region size 2048K, 12 young (24576K), 2 survivors (4096K)
 Metaspace       used 26218K, committed 26688K, reserved 1114112K
  class space    used 3216K, committed 3456K, reserved 1048576K
}
Event: 9.412 GC heap after
{Heap after GC invocations=9 (full 0):
 garbage-first heap   total 61440K, used 28307K [0x0000000701000000, 0x0000000800000000)
  region size 2048K, 2 young (4096K), 2 survivors (4096K)
 Metaspace       used 26218K, committed 26688K, reserved 1114112K
  class space    used 3216K, committed 3456K, reserved 1048576K
}
Event: 9.436 GC heap before
{Heap before GC invocations=9 (full 0):
 garbage-first heap   total 61440K, used 30355K [0x0000000701000000, 0x0000000800000000)
  region size 2048K, 3 young (6144K), 2 survivors (4096K)
 Metaspace       used 26223K, committed 26688K, reserved 1114112K
  class space    used 3216K, committed 3456K, reserved 1048576K
}
Event: 9.437 GC heap after
{Heap after GC invocations=10 (full 0):
 garbage-first heap   total 61440K, used 28184K [0x0000000701000000, 0x0000000800000000)
  region size 2048K, 1 young (2048K), 1 survivors (2048K)
 Metaspace       used 26223K, committed 26688K, reserved 1114112K
  class space    used 3216K, committed 3456K, reserved 1048576K
}
Event: 9.451 GC heap before
{Heap before GC invocations=11 (full 0):
 garbage-first heap   total 61440K, used 28184K [0x0000000701000000, 0x0000000800000000)
  region size 2048K, 2 young (4096K), 1 survivors (2048K)
 Metaspace       used 26227K, committed 26688K, reserved 1114112K
  class space    used 3216K, committed 3456K, reserved 1048576K
}
Event: 9.452 GC heap after
{Heap after GC invocations=12 (full 0):
 garbage-first heap   total 61440K, used 26164K [0x0000000701000000, 0x0000000800000000)
  region size 2048K, 1 young (2048K), 1 survivors (2048K)
 Metaspace       used 26227K, committed 26688K, reserved 1114112K
  class space    used 3216K, committed 3456K, reserved 1048576K
}
Event: 9.469 GC heap before
{Heap before GC invocations=13 (full 0):
 garbage-first heap   total 61440K, used 28212K [0x0000000701000000, 0x0000000800000000)
  region size 2048K, 2 young (4096K), 1 survivors (2048K)
 Metaspace       used 26227K, committed 26688K, reserved 1114112K
  class space    used 3216K, committed 3456K, reserved 1048576K
}
Event: 9.469 GC heap after
{Heap after GC invocations=14 (full 0):
 garbage-first heap   total 61440K, used 26062K [0x0000000701000000, 0x0000000800000000)
  region size 2048K, 1 young (2048K), 1 survivors (2048K)
 Metaspace       used 26227K, committed 26688K, reserved 1114112K
  class space    used 3216K, committed 3456K, reserved 1048576K
}
Event: 9.484 GC heap before
{Heap before GC invocations=14 (full 0):
 garbage-first heap   total 61440K, used 28110K [0x0000000701000000, 0x0000000800000000)
  region size 2048K, 2 young (4096K), 1 survivors (2048K)
 Metaspace       used 26227K, committed 26688K, reserved 1114112K
  class space    used 3216K, committed 3456K, reserved 1048576K
}
Event: 9.485 GC heap after
{Heap after GC invocations=15 (full 0):
 garbage-first heap   total 161792K, used 26036K [0x0000000701000000, 0x0000000800000000)
  region size 2048K, 1 young (2048K), 1 survivors (2048K)
 Metaspace       used 26227K, committed 26688K, reserved 1114112K
  class space    used 3216K, committed 3456K, reserved 1048576K
}

